# JRE version: OpenJDK Runtime Environment (8.0_242-b01) (build 1.8.0_242-release-1644-b01)
# Java VM: OpenJDK 64-Bit Server VM (25.242-b01 mixed mode windows-amd64 compressed oops)
Heap:
 PSYoungGen      total 265728K, used 21874K [0x00000000e0000000, 0x00000000f8600000, 0x0000000100000000)
  eden space 237056K, 9% used [0x00000000e0000000,0x00000000e155cb88,0x00000000ee780000)
  from space 28672K, 0% used [0x00000000ee780000,0x00000000ee780000,0x00000000f0380000)
  to   space 57344K, 0% used [0x00000000f4e00000,0x00000000f4e00000,0x00000000f8600000)
 ParOldGen       total 264704K, used 116629K [0x00000000a0000000, 0x00000000b0280000, 0x00000000e0000000)
  object space 264704K, 44% used [0x00000000a0000000,0x00000000a71e5410,0x00000000b0280000)
 Metaspace       used 71620K, capacity 75858K, committed 76072K, reserved 1114112K
  class space    used 9842K, capacity 10696K, committed 10792K, reserved 1048576K
GC Heap History (10 events):
Event: 13.942 GC heap before
{Heap before GC invocations=15 (full 3):
 PSYoungGen      total 219136K, used 16072K [0x00000000e0000000, 0x00000000efc00000, 0x0000000100000000)
  eden space 201216K, 0% used [0x00000000e0000000,0x00000000e0000000,0x00000000ec480000)
  from space 17920K, 89% used [0x00000000ed800000,0x00000000ee7b2330,0x00000000ee980000)
  to   space 19968K, 0% used [0x00000000ec480000,0x00000000ec480000,0x00000000ed800000)
 ParOldGen       total 82944K, used 35058K [0x00000000a0000000, 0x00000000a5100000, 0x00000000e0000000)
  object space 82944K, 42% used [0x00000000a0000000,0x00000000a223ca38,0x00000000a5100000)
 Metaspace       used 56396K, capacity 59074K, committed 59160K, reserved 1099776K
  class space    used 7703K, capacity 8289K, committed 8360K, reserved 1048576K
Event: 14.184 GC heap after
Heap after GC invocations=15 (full 3):
 PSYoungGen      total 219136K, used 0K [0x00000000e0000000, 0x00000000efc00000, 0x0000000100000000)
  eden space 201216K, 0% used [0x00000000e0000000,0x00000000e0000000,0x00000000ec480000)
  from space 17920K, 0% used [0x00000000ed800000,0x00000000ed800000,0x00000000ee980000)
  to   space 19968K, 0% used [0x00000000ec480000,0x00000000ec480000,0x00000000ed800000)
 ParOldGen       total 129024K, used 36776K [0x00000000a0000000, 0x00000000a7e00000, 0x00000000e0000000)
  object space 129024K, 28% used [0x00000000a0000000,0x00000000a23ea158,0x00000000a7e00000)
 Metaspace       used 56377K, capacity 59008K, committed 59160K, reserved 1099776K
  class space    used 7697K, capacity 8278K, committed 8360K, reserved 1048576K
}
Event: 18.370 GC heap before
{Heap before GC invocations=16 (full 3):
 PSYoungGen      total 219136K, used 201215K [0x00000000e0000000, 0x00000000efc00000, 0x0000000100000000)
  eden space 201216K, 99% used [0x00000000e0000000,0x00000000ec47fe60,0x00000000ec480000)
  from space 17920K, 0% used [0x00000000ed800000,0x00000000ed800000,0x00000000ee980000)
  to   space 19968K, 0% used [0x00000000ec480000,0x00000000ec480000,0x00000000ed800000)
 ParOldGen       total 129024K, used 36776K [0x00000000a0000000, 0x00000000a7e00000, 0x00000000e0000000)
  object space 129024K, 28% used [0x00000000a0000000,0x00000000a23ea158,0x00000000a7e00000)
 Metaspace       used 65711K, capacity 69532K, committed 69544K, reserved 1110016K
  class space    used 9093K, capacity 9889K, committed 9896K, reserved 1048576K
Event: 18.419 GC heap after
Heap after GC invocations=16 (full 3):
 PSYoungGen      total 221184K, used 19943K [0x00000000e0000000, 0x00000000f1b00000, 0x0000000100000000)
  eden space 201216K, 0% used [0x00000000e0000000,0x00000000e0000000,0x00000000ec480000)
  from space 19968K, 99% used [0x00000000ec480000,0x00000000ed7f9e10,0x00000000ed800000)
  to   space 24064K, 0% used [0x00000000f0380000,0x00000000f0380000,0x00000000f1b00000)
 ParOldGen       total 129024K, used 39674K [0x00000000a0000000, 0x00000000a7e00000, 0x00000000e0000000)
  object space 129024K, 30% used [0x00000000a0000000,0x00000000a26be8b8,0x00000000a7e00000)
 Metaspace       used 65711K, capacity 69532K, committed 69544K, reserved 1110016K
  class space    used 9093K, capacity 9889K, committed 9896K, reserved 1048576K
}
Event: 21.864 GC heap before
{Heap before GC invocations=17 (full 3):
 PSYoungGen      total 221184K, used 221159K [0x00000000e0000000, 0x00000000f1b00000, 0x0000000100000000)
  eden space 201216K, 100% used [0x00000000e0000000,0x00000000ec480000,0x00000000ec480000)
  from space 19968K, 99% used [0x00000000ec480000,0x00000000ed7f9e10,0x00000000ed800000)
  to   space 24064K, 0% used [0x00000000f0380000,0x00000000f0380000,0x00000000f1b00000)
 ParOldGen       total 129024K, used 39674K [0x00000000a0000000, 0x00000000a7e00000, 0x00000000e0000000)
  object space 129024K, 30% used [0x00000000a0000000,0x00000000a26be8b8,0x00000000a7e00000)
 Metaspace       used 66711K, capacity 70736K, committed 70952K, reserved 1110016K
  class space    used 9160K, capacity 9985K, committed 10024K, reserved 1048576K
Event: 21.901 GC heap after
Heap after GC invocations=17 (full 3):
 PSYoungGen      total 261120K, used 24037K [0x00000000e0000000, 0x00000000f2180000, 0x0000000100000000)
  eden space 237056K, 0% used [0x00000000e0000000,0x00000000e0000000,0x00000000ee780000)
  from space 24064K, 99% used [0x00000000f0380000,0x00000000f1af94d0,0x00000000f1b00000)
  to   space 28672K, 0% used [0x00000000ee780000,0x00000000ee780000,0x00000000f0380000)
 ParOldGen       total 129024K, used 43082K [0x00000000a0000000, 0x00000000a7e00000, 0x00000000e0000000)
  object space 129024K, 33% used [0x00000000a0000000,0x00000000a2a12a88,0x00000000a7e00000)
 Metaspace       used 66711K, capacity 70736K, committed 70952K, reserved 1110016K
  class space    used 9160K, capacity 9985K, committed 10024K, reserved 1048576K
}
Event: 24.810 GC heap before
{Heap before GC invocations=18 (full 3):
 PSYoungGen      total 261120K, used 257835K [0x00000000e0000000, 0x00000000f2180000, 0x0000000100000000)
  eden space 237056K, 98% used [0x00000000e0000000,0x00000000ee451880,0x00000000ee780000)
  from space 24064K, 99% used [0x00000000f0380000,0x00000000f1af94d0,0x00000000f1b00000)
  to   space 28672K, 0% used [0x00000000ee780000,0x00000000ee780000,0x00000000f0380000)
 ParOldGen       total 129024K, used 47213K [0x00000000a0000000, 0x00000000a7e00000, 0x00000000e0000000)
  object space 129024K, 36% used [0x00000000a0000000,0x00000000a2e1b4e0,0x00000000a7e00000)
 Metaspace       used 71165K, capacity 75492K, committed 75816K, reserved 1114112K
  class space    used 9772K, capacity 10667K, committed 10792K, reserved 1048576K
Event: 24.876 GC heap after
Heap after GC invocations=18 (full 3):
 PSYoungGen      total 265728K, used 28652K [0x00000000e0000000, 0x00000000f8600000, 0x0000000100000000)
  eden space 237056K, 0% used [0x00000000e0000000,0x00000000e0000000,0x00000000ee780000)
  from space 28672K, 99% used [0x00000000ee780000,0x00000000f037b238,0x00000000f0380000)
  to   space 57344K, 0% used [0x00000000f4e00000,0x00000000f4e00000,0x00000000f8600000)
 ParOldGen       total 129024K, used 113218K [0x00000000a0000000, 0x00000000a7e00000, 0x00000000e0000000)
  object space 129024K, 87% used [0x00000000a0000000,0x00000000a6e90aa8,0x00000000a7e00000)
 Metaspace       used 71165K, capacity 75492K, committed 75816K, reserved 1114112K
  class space    used 9772K, capacity 10667K, committed 10792K, reserved 1048576K
}
Event: 24.876 GC heap before
{Heap before GC invocations=19 (full 4):
 PSYoungGen      total 265728K, used 28652K [0x00000000e0000000, 0x00000000f8600000, 0x0000000100000000)
  eden space 237056K, 0% used [0x00000000e0000000,0x00000000e0000000,0x00000000ee780000)
  from space 28672K, 99% used [0x00000000ee780000,0x00000000f037b238,0x00000000f0380000)
  to   space 57344K, 0% used [0x00000000f4e00000,0x00000000f4e00000,0x00000000f8600000)
 ParOldGen       total 129024K, used 113218K [0x00000000a0000000, 0x00000000a7e00000, 0x00000000e0000000)
  object space 129024K, 87% used [0x00000000a0000000,0x00000000a6e90aa8,0x00000000a7e00000)
 Metaspace       used 71165K, capacity 75492K, committed 75816K, reserved 1114112K
  class space    used 9772K, capacity 10667K, committed 10792K, reserved 1048576K
Event: 25.136 GC heap after
Heap after GC invocations=19 (full 4):
 PSYoungGen      total 265728K, used 0K [0x00000000e0000000, 0x00000000f8600000, 0x0000000100000000)
  eden space 237056K, 0% used [0x00000000e0000000,0x00000000e0000000,0x00000000ee780000)
  from space 28672K, 0% used [0x00000000ee780000,0x00000000ee780000,0x00000000f0380000)
  to   space 57344K, 0% used [0x00000000f4e00000,0x00000000f4e00000,0x00000000f8600000)
 ParOldGen       total 264704K, used 116629K [0x00000000a0000000, 0x00000000b0280000, 0x00000000e0000000)
  object space 264704K, 44% used [0x00000000a0000000,0x00000000a71e5410,0x00000000b0280000)
 Metaspace       used 71124K, capacity 75368K, committed 75816K, reserved 1114112K
  class space    used 9759K, capacity 10645K, committed 10792K, reserved 1048576K
}

