# JRE version: OpenJDK Runtime Environment (8.0_242-b01) (build 1.8.0_242-release-1644-b01)
# Java VM: OpenJDK 64-Bit Server VM (25.242-b01 mixed mode windows-amd64 compressed oops)
Heap:
 PSYoungGen      total 409088K, used 263091K [0x00000000e0000000, 0x0000000100000000, 0x0000000100000000)
  eden space 361472K, 72% used [0x00000000e0000000,0x00000000f00ecf10,0x00000000f6100000)
  from space 47616K, 0% used [0x00000000f6100000,0x00000000f6100000,0x00000000f8f80000)
  to   space 50688K, 0% used [0x00000000fce80000,0x00000000fce80000,0x0000000100000000)
 ParOldGen       total 199680K, used 74448K [0x00000000a0000000, 0x00000000ac300000, 0x00000000e0000000)
  object space 199680K, 37% used [0x00000000a0000000,0x00000000a48b43b8,0x00000000ac300000)
 Metaspace       used 97892K, capacity 103706K, committed 103960K, reserved 1138688K
  class space    used 12916K, capacity 14041K, committed 14120K, reserved 1048576K
GC Heap History (10 events):
Event: 35.841 GC heap before
{Heap before GC invocations=13 (full 3):
 PSYoungGen      total 316928K, used 17396K [0x00000000e0000000, 0x00000000f5080000, 0x0000000100000000)
  eden space 299520K, 0% used [0x00000000e0000000,0x00000000e0000000,0x00000000f2480000)
  from space 17408K, 99% used [0x00000000f3a00000,0x00000000f4afd300,0x00000000f4b00000)
  to   space 22016K, 0% used [0x00000000f2480000,0x00000000f2480000,0x00000000f3a00000)
 ParOldGen       total 77824K, used 25098K [0x00000000a0000000, 0x00000000a4c00000, 0x00000000e0000000)
  object space 77824K, 32% used [0x00000000a0000000,0x00000000a1882930,0x00000000a4c00000)
 Metaspace       used 56439K, capacity 59010K, committed 59160K, reserved 1099776K
  class space    used 7679K, capacity 8225K, committed 8232K, reserved 1048576K
Event: 36.457 GC heap after
Heap after GC invocations=13 (full 3):
 PSYoungGen      total 316928K, used 0K [0x00000000e0000000, 0x00000000f5080000, 0x0000000100000000)
  eden space 299520K, 0% used [0x00000000e0000000,0x00000000e0000000,0x00000000f2480000)
  from space 17408K, 0% used [0x00000000f3a00000,0x00000000f3a00000,0x00000000f4b00000)
  to   space 22016K, 0% used [0x00000000f2480000,0x00000000f2480000,0x00000000f3a00000)
 ParOldGen       total 118784K, used 36525K [0x00000000a0000000, 0x00000000a7400000, 0x00000000e0000000)
  object space 118784K, 30% used [0x00000000a0000000,0x00000000a23ab558,0x00000000a7400000)
 Metaspace       used 56439K, capacity 59010K, committed 59160K, reserved 1099776K
  class space    used 7679K, capacity 8225K, committed 8232K, reserved 1048576K
}
Event: 52.266 GC heap before
{Heap before GC invocations=14 (full 3):
 PSYoungGen      total 316928K, used 299520K [0x00000000e0000000, 0x00000000f5080000, 0x0000000100000000)
  eden space 299520K, 100% used [0x00000000e0000000,0x00000000f2480000,0x00000000f2480000)
  from space 17408K, 0% used [0x00000000f3a00000,0x00000000f3a00000,0x00000000f4b00000)
  to   space 22016K, 0% used [0x00000000f2480000,0x00000000f2480000,0x00000000f3a00000)
 ParOldGen       total 118784K, used 36525K [0x00000000a0000000, 0x00000000a7400000, 0x00000000e0000000)
  object space 118784K, 30% used [0x00000000a0000000,0x00000000a23ab558,0x00000000a7400000)
 Metaspace       used 69245K, capacity 73232K, committed 73368K, reserved 1112064K
  class space    used 9500K, capacity 10305K, committed 10408K, reserved 1048576K
Event: 52.357 GC heap after
Heap after GC invocations=14 (full 3):
 PSYoungGen      total 321536K, used 21985K [0x00000000e0000000, 0x00000000fab80000, 0x0000000100000000)
  eden space 299520K, 0% used [0x00000000e0000000,0x00000000e0000000,0x00000000f2480000)
  from space 22016K, 99% used [0x00000000f2480000,0x00000000f39f84a0,0x00000000f3a00000)
  to   space 28672K, 0% used [0x00000000f8f80000,0x00000000f8f80000,0x00000000fab80000)
 ParOldGen       total 118784K, used 45473K [0x00000000a0000000, 0x00000000a7400000, 0x00000000e0000000)
  object space 118784K, 38% used [0x00000000a0000000,0x00000000a2c68640,0x00000000a7400000)
 Metaspace       used 69245K, capacity 73232K, committed 73368K, reserved 1112064K
  class space    used 9500K, capacity 10305K, committed 10408K, reserved 1048576K
}
Event: 58.841 GC heap before
{Heap before GC invocations=15 (full 3):
 PSYoungGen      total 321536K, used 321505K [0x00000000e0000000, 0x00000000fab80000, 0x0000000100000000)
  eden space 299520K, 100% used [0x00000000e0000000,0x00000000f2480000,0x00000000f2480000)
  from space 22016K, 99% used [0x00000000f2480000,0x00000000f39f84a0,0x00000000f3a00000)
  to   space 28672K, 0% used [0x00000000f8f80000,0x00000000f8f80000,0x00000000fab80000)
 ParOldGen       total 118784K, used 45473K [0x00000000a0000000, 0x00000000a7400000, 0x00000000e0000000)
  object space 118784K, 38% used [0x00000000a0000000,0x00000000a2c68640,0x00000000a7400000)
 Metaspace       used 80353K, capacity 85382K, committed 85528K, reserved 1122304K
  class space    used 10973K, capacity 11970K, committed 12072K, reserved 1048576K
Event: 59.009 GC heap after
Heap after GC invocations=15 (full 3):
 PSYoungGen      total 390144K, used 28668K [0x00000000e0000000, 0x00000000fd000000, 0x0000000100000000)
  eden space 361472K, 0% used [0x00000000e0000000,0x00000000e0000000,0x00000000f6100000)
  from space 28672K, 99% used [0x00000000f8f80000,0x00000000fab7f3f0,0x00000000fab80000)
  to   space 47616K, 0% used [0x00000000f6100000,0x00000000f6100000,0x00000000f8f80000)
 ParOldGen       total 118784K, used 85558K [0x00000000a0000000, 0x00000000a7400000, 0x00000000e0000000)
  object space 118784K, 72% used [0x00000000a0000000,0x00000000a538dab0,0x00000000a7400000)
 Metaspace       used 80353K, capacity 85382K, committed 85528K, reserved 1122304K
  class space    used 10973K, capacity 11970K, committed 12072K, reserved 1048576K
}
Event: 684.986 GC heap before
{Heap before GC invocations=16 (full 3):
 PSYoungGen      total 390144K, used 390140K [0x00000000e0000000, 0x00000000fd000000, 0x0000000100000000)
  eden space 361472K, 100% used [0x00000000e0000000,0x00000000f6100000,0x00000000f6100000)
  from space 28672K, 99% used [0x00000000f8f80000,0x00000000fab7f3f0,0x00000000fab80000)
  to   space 47616K, 0% used [0x00000000f6100000,0x00000000f6100000,0x00000000f8f80000)
 ParOldGen       total 118784K, used 85558K [0x00000000a0000000, 0x00000000a7400000, 0x00000000e0000000)
  object space 118784K, 72% used [0x00000000a0000000,0x00000000a538dab0,0x00000000a7400000)
 Metaspace       used 88983K, capacity 94762K, committed 95000K, reserved 1130496K
  class space    used 11940K, capacity 13040K, committed 13096K, reserved 1048576K
Event: 685.088 GC heap after
Heap after GC invocations=16 (full 3):
 PSYoungGen      total 409088K, used 33420K [0x00000000e0000000, 0x0000000100000000, 0x0000000100000000)
  eden space 361472K, 0% used [0x00000000e0000000,0x00000000e0000000,0x00000000f6100000)
  from space 47616K, 70% used [0x00000000f6100000,0x00000000f81a31d8,0x00000000f8f80000)
  to   space 50688K, 0% used [0x00000000fce80000,0x00000000fce80000,0x0000000100000000)
 ParOldGen       total 118784K, used 104449K [0x00000000a0000000, 0x00000000a7400000, 0x00000000e0000000)
  object space 118784K, 87% used [0x00000000a0000000,0x00000000a6600630,0x00000000a7400000)
 Metaspace       used 88983K, capacity 94762K, committed 95000K, reserved 1130496K
  class space    used 11940K, capacity 13040K, committed 13096K, reserved 1048576K
}
Event: 685.088 GC heap before
{Heap before GC invocations=17 (full 4):
 PSYoungGen      total 409088K, used 33420K [0x00000000e0000000, 0x0000000100000000, 0x0000000100000000)
  eden space 361472K, 0% used [0x00000000e0000000,0x00000000e0000000,0x00000000f6100000)
  from space 47616K, 70% used [0x00000000f6100000,0x00000000f81a31d8,0x00000000f8f80000)
  to   space 50688K, 0% used [0x00000000fce80000,0x00000000fce80000,0x0000000100000000)
 ParOldGen       total 118784K, used 104449K [0x00000000a0000000, 0x00000000a7400000, 0x00000000e0000000)
  object space 118784K, 87% used [0x00000000a0000000,0x00000000a6600630,0x00000000a7400000)
 Metaspace       used 88983K, capacity 94762K, committed 95000K, reserved 1130496K
  class space    used 11940K, capacity 13040K, committed 13096K, reserved 1048576K
Event: 685.460 GC heap after
Heap after GC invocations=17 (full 4):
 PSYoungGen      total 409088K, used 0K [0x00000000e0000000, 0x0000000100000000, 0x0000000100000000)
  eden space 361472K, 0% used [0x00000000e0000000,0x00000000e0000000,0x00000000f6100000)
  from space 47616K, 0% used [0x00000000f6100000,0x00000000f6100000,0x00000000f8f80000)
  to   space 50688K, 0% used [0x00000000fce80000,0x00000000fce80000,0x0000000100000000)
 ParOldGen       total 199680K, used 74448K [0x00000000a0000000, 0x00000000ac300000, 0x00000000e0000000)
  object space 199680K, 37% used [0x00000000a0000000,0x00000000a48b43b8,0x00000000ac300000)
 Metaspace       used 88871K, capacity 94482K, committed 95000K, reserved 1130496K
  class space    used 11900K, capacity 12970K, committed 13096K, reserved 1048576K
}

