# JRE version: OpenJDK Runtime Environment (8.0_242-b01) (build 1.8.0_242-release-1644-b01)
# Java VM: OpenJDK 64-Bit Server VM (25.242-b01 mixed mode windows-amd64 compressed oops)
Heap:
 PSYoungGen      total 163328K, used 39837K [0x00000000e0000000, 0x00000000eb700000, 0x0000000100000000)
  eden space 151040K, 18% used [0x00000000e0000000,0x00000000e1aea1c8,0x00000000e9380000)
  from space 12288K, 99% used [0x00000000e9380000,0x00000000e9f7d300,0x00000000e9f80000)
  to   space 12288K, 0% used [0x00000000e9f80000,0x00000000e9f80000,0x00000000eab80000)
 ParOldGen       total 89088K, used 28964K [0x00000000a0000000, 0x00000000a5700000, 0x00000000e0000000)
  object space 89088K, 32% used [0x00000000a0000000,0x00000000a1c49200,0x00000000a5700000)
 Metaspace       used 52437K, capacity 54744K, committed 54952K, reserved 1097728K
  class space    used 7065K, capacity 7542K, committed 7592K, reserved 1048576K
GC Heap History (10 events):
Event: 9.319 GC heap before
{Heap before GC invocations=9 (full 1):
 PSYoungGen      total 76800K, used 66048K [0x00000000e0000000, 0x00000000e9600000, 0x0000000100000000)
  eden space 66048K, 100% used [0x00000000e0000000,0x00000000e4080000,0x00000000e4080000)
  from space 10752K, 0% used [0x00000000e4080000,0x00000000e4080000,0x00000000e4b00000)
  to   space 10752K, 0% used [0x00000000e8b80000,0x00000000e8b80000,0x00000000e9600000)
 ParOldGen       total 55808K, used 7971K [0x00000000a0000000, 0x00000000a3680000, 0x00000000e0000000)
  object space 55808K, 14% used [0x00000000a0000000,0x00000000a07c8db0,0x00000000a3680000)
 Metaspace       used 25092K, capacity 26120K, committed 26288K, reserved 1071104K
  class space    used 3640K, capacity 3904K, committed 4016K, reserved 1048576K
Event: 9.328 GC heap after
Heap after GC invocations=9 (full 1):
 PSYoungGen      total 115712K, used 6131K [0x00000000e0000000, 0x00000000e9180000, 0x0000000100000000)
  eden space 109568K, 0% used [0x00000000e0000000,0x00000000e0000000,0x00000000e6b00000)
  from space 6144K, 99% used [0x00000000e8b80000,0x00000000e917ce80,0x00000000e9180000)
  to   space 10240K, 0% used [0x00000000e7d80000,0x00000000e7d80000,0x00000000e8780000)
 ParOldGen       total 55808K, used 7979K [0x00000000a0000000, 0x00000000a3680000, 0x00000000e0000000)
  object space 55808K, 14% used [0x00000000a0000000,0x00000000a07cadb0,0x00000000a3680000)
 Metaspace       used 25092K, capacity 26120K, committed 26288K, reserved 1071104K
  class space    used 3640K, capacity 3904K, committed 4016K, reserved 1048576K
}
Event: 11.962 GC heap before
{Heap before GC invocations=10 (full 1):
 PSYoungGen      total 115712K, used 96152K [0x00000000e0000000, 0x00000000e9180000, 0x0000000100000000)
  eden space 109568K, 82% used [0x00000000e0000000,0x00000000e57e92c0,0x00000000e6b00000)
  from space 6144K, 99% used [0x00000000e8b80000,0x00000000e917ce80,0x00000000e9180000)
  to   space 10240K, 0% used [0x00000000e7d80000,0x00000000e7d80000,0x00000000e8780000)
 ParOldGen       total 55808K, used 7979K [0x00000000a0000000, 0x00000000a3680000, 0x00000000e0000000)
  object space 55808K, 14% used [0x00000000a0000000,0x00000000a07cadb0,0x00000000a3680000)
 Metaspace       used 34097K, capacity 35426K, committed 35496K, reserved 1079296K
  class space    used 4654K, capacity 4974K, committed 5032K, reserved 1048576K
Event: 11.983 GC heap after
Heap after GC invocations=10 (full 1):
 PSYoungGen      total 138752K, used 10233K [0x00000000e0000000, 0x00000000eab80000, 0x0000000100000000)
  eden space 128512K, 0% used [0x00000000e0000000,0x00000000e0000000,0x00000000e7d80000)
  from space 10240K, 99% used [0x00000000e7d80000,0x00000000e877e530,0x00000000e8780000)
  to   space 12288K, 0% used [0x00000000e9f80000,0x00000000e9f80000,0x00000000eab80000)
 ParOldGen       total 55808K, used 9545K [0x00000000a0000000, 0x00000000a3680000, 0x00000000e0000000)
  object space 55808K, 17% used [0x00000000a0000000,0x00000000a0952528,0x00000000a3680000)
 Metaspace       used 34097K, capacity 35426K, committed 35496K, reserved 1079296K
  class space    used 4654K, capacity 4974K, committed 5032K, reserved 1048576K
}
Event: 11.983 GC heap before
{Heap before GC invocations=11 (full 2):
 PSYoungGen      total 138752K, used 10233K [0x00000000e0000000, 0x00000000eab80000, 0x0000000100000000)
  eden space 128512K, 0% used [0x00000000e0000000,0x00000000e0000000,0x00000000e7d80000)
  from space 10240K, 99% used [0x00000000e7d80000,0x00000000e877e530,0x00000000e8780000)
  to   space 12288K, 0% used [0x00000000e9f80000,0x00000000e9f80000,0x00000000eab80000)
 ParOldGen       total 55808K, used 9545K [0x00000000a0000000, 0x00000000a3680000, 0x00000000e0000000)
  object space 55808K, 17% used [0x00000000a0000000,0x00000000a0952528,0x00000000a3680000)
 Metaspace       used 34097K, capacity 35426K, committed 35496K, reserved 1079296K
  class space    used 4654K, capacity 4974K, committed 5032K, reserved 1048576K
Event: 12.069 GC heap after
Heap after GC invocations=11 (full 2):
 PSYoungGen      total 138752K, used 0K [0x00000000e0000000, 0x00000000eab80000, 0x0000000100000000)
  eden space 128512K, 0% used [0x00000000e0000000,0x00000000e0000000,0x00000000e7d80000)
  from space 10240K, 0% used [0x00000000e7d80000,0x00000000e7d80000,0x00000000e8780000)
  to   space 12288K, 0% used [0x00000000e9f80000,0x00000000e9f80000,0x00000000eab80000)
 ParOldGen       total 89088K, used 18606K [0x00000000a0000000, 0x00000000a5700000, 0x00000000e0000000)
  object space 89088K, 20% used [0x00000000a0000000,0x00000000a122b928,0x00000000a5700000)
 Metaspace       used 34097K, capacity 35426K, committed 35496K, reserved 1079296K
  class space    used 4654K, capacity 4974K, committed 5032K, reserved 1048576K
}
Event: 18.569 GC heap before
{Heap before GC invocations=12 (full 2):
 PSYoungGen      total 138752K, used 128512K [0x00000000e0000000, 0x00000000eab80000, 0x0000000100000000)
  eden space 128512K, 100% used [0x00000000e0000000,0x00000000e7d80000,0x00000000e7d80000)
  from space 10240K, 0% used [0x00000000e7d80000,0x00000000e7d80000,0x00000000e8780000)
  to   space 12288K, 0% used [0x00000000e9f80000,0x00000000e9f80000,0x00000000eab80000)
 ParOldGen       total 89088K, used 18606K [0x00000000a0000000, 0x00000000a5700000, 0x00000000e0000000)
  object space 89088K, 20% used [0x00000000a0000000,0x00000000a122b928,0x00000000a5700000)
 Metaspace       used 38169K, capacity 39976K, committed 40232K, reserved 1083392K
  class space    used 5246K, capacity 5653K, committed 5672K, reserved 1048576K
Event: 18.590 GC heap after
Heap after GC invocations=12 (full 2):
 PSYoungGen      total 163328K, used 8496K [0x00000000e0000000, 0x00000000eb700000, 0x0000000100000000)
  eden space 151040K, 0% used [0x00000000e0000000,0x00000000e0000000,0x00000000e9380000)
  from space 12288K, 69% used [0x00000000e9f80000,0x00000000ea7cc028,0x00000000eab80000)
  to   space 12288K, 0% used [0x00000000e9380000,0x00000000e9380000,0x00000000e9f80000)
 ParOldGen       total 89088K, used 18614K [0x00000000a0000000, 0x00000000a5700000, 0x00000000e0000000)
  object space 89088K, 20% used [0x00000000a0000000,0x00000000a122d928,0x00000000a5700000)
 Metaspace       used 38169K, capacity 39976K, committed 40232K, reserved 1083392K
  class space    used 5246K, capacity 5653K, committed 5672K, reserved 1048576K
}
Event: 22.098 GC heap before
{Heap before GC invocations=13 (full 2):
 PSYoungGen      total 163328K, used 159536K [0x00000000e0000000, 0x00000000eb700000, 0x0000000100000000)
  eden space 151040K, 100% used [0x00000000e0000000,0x00000000e9380000,0x00000000e9380000)
  from space 12288K, 69% used [0x00000000e9f80000,0x00000000ea7cc028,0x00000000eab80000)
  to   space 12288K, 0% used [0x00000000e9380000,0x00000000e9380000,0x00000000e9f80000)
 ParOldGen       total 89088K, used 18614K [0x00000000a0000000, 0x00000000a5700000, 0x00000000e0000000)
  object space 89088K, 20% used [0x00000000a0000000,0x00000000a122d928,0x00000000a5700000)
 Metaspace       used 51861K, capacity 54292K, committed 54440K, reserved 1095680K
  class space    used 6987K, capacity 7501K, committed 7592K, reserved 1048576K
Event: 22.122 GC heap after
Heap after GC invocations=13 (full 2):
 PSYoungGen      total 163328K, used 12276K [0x00000000e0000000, 0x00000000eb700000, 0x0000000100000000)
  eden space 151040K, 0% used [0x00000000e0000000,0x00000000e0000000,0x00000000e9380000)
  from space 12288K, 99% used [0x00000000e9380000,0x00000000e9f7d300,0x00000000e9f80000)
  to   space 12288K, 0% used [0x00000000e9f80000,0x00000000e9f80000,0x00000000eab80000)
 ParOldGen       total 89088K, used 28964K [0x00000000a0000000, 0x00000000a5700000, 0x00000000e0000000)
  object space 89088K, 32% used [0x00000000a0000000,0x00000000a1c49200,0x00000000a5700000)
 Metaspace       used 51861K, capacity 54292K, committed 54440K, reserved 1095680K
  class space    used 6987K, capacity 7501K, committed 7592K, reserved 1048576K
}

