# JRE version: OpenJDK Runtime Environment (8.0_242-b01) (build 1.8.0_242-release-1644-b01)
# Java VM: OpenJDK 64-Bit Server VM (25.242-b01 mixed mode windows-amd64 compressed oops)
Heap:
 PSYoungGen      total 313344K, used 183953K [0x00000000e0000000, 0x00000000fc680000, 0x0000000100000000)
  eden space 283136K, 57% used [0x00000000e0000000,0x00000000e9ee68b0,0x00000000f1480000)
  from space 30208K, 70% used [0x00000000f5600000,0x00000000f6abdca0,0x00000000f7380000)
  to   space 67072K, 0% used [0x00000000f1480000,0x00000000f1480000,0x00000000f5600000)
 ParOldGen       total 314880K, used 159110K [0x00000000a0000000, 0x00000000b3380000, 0x00000000e0000000)
  object space 314880K, 50% used [0x00000000a0000000,0x00000000a9b61b78,0x00000000b3380000)
 Metaspace       used 88371K, capacity 92688K, committed 93224K, reserved 1130496K
  class space    used 11638K, capacity 12534K, committed 12584K, reserved 1048576K
GC Heap History (10 events):
Event: 23.374 GC heap before
{Heap before GC invocations=16 (full 3):
 PSYoungGen      total 239616K, used 221184K [0x00000000e0000000, 0x00000000efe80000, 0x0000000100000000)
  eden space 221184K, 100% used [0x00000000e0000000,0x00000000ed800000,0x00000000ed800000)
  from space 18432K, 0% used [0x00000000ee900000,0x00000000ee900000,0x00000000efb00000)
  to   space 17408K, 0% used [0x00000000ed800000,0x00000000ed800000,0x00000000ee900000)
 ParOldGen       total 126464K, used 36728K [0x00000000a0000000, 0x00000000a7b80000, 0x00000000e0000000)
  object space 126464K, 29% used [0x00000000a0000000,0x00000000a23de388,0x00000000a7b80000)
 Metaspace       used 65887K, capacity 69726K, committed 69800K, reserved 1110016K
  class space    used 9089K, capacity 9884K, committed 9896K, reserved 1048576K
Event: 23.438 GC heap after
Heap after GC invocations=16 (full 3):
 PSYoungGen      total 238592K, used 17401K [0x00000000e0000000, 0x00000000f3800000, 0x0000000100000000)
  eden space 221184K, 0% used [0x00000000e0000000,0x00000000e0000000,0x00000000ed800000)
  from space 17408K, 99% used [0x00000000ed800000,0x00000000ee8fe4d0,0x00000000ee900000)
  to   space 22528K, 0% used [0x00000000f2200000,0x00000000f2200000,0x00000000f3800000)
 ParOldGen       total 126464K, used 43571K [0x00000000a0000000, 0x00000000a7b80000, 0x00000000e0000000)
  object space 126464K, 34% used [0x00000000a0000000,0x00000000a2a8cd60,0x00000000a7b80000)
 Metaspace       used 65887K, capacity 69726K, committed 69800K, reserved 1110016K
  class space    used 9089K, capacity 9884K, committed 9896K, reserved 1048576K
}
Event: 31.864 GC heap before
{Heap before GC invocations=17 (full 3):
 PSYoungGen      total 238592K, used 238585K [0x00000000e0000000, 0x00000000f3800000, 0x0000000100000000)
  eden space 221184K, 100% used [0x00000000e0000000,0x00000000ed800000,0x00000000ed800000)
  from space 17408K, 99% used [0x00000000ed800000,0x00000000ee8fe4d0,0x00000000ee900000)
  to   space 22528K, 0% used [0x00000000f2200000,0x00000000f2200000,0x00000000f3800000)
 ParOldGen       total 126464K, used 43571K [0x00000000a0000000, 0x00000000a7b80000, 0x00000000e0000000)
  object space 126464K, 34% used [0x00000000a0000000,0x00000000a2a8cd60,0x00000000a7b80000)
 Metaspace       used 70277K, capacity 74386K, committed 74536K, reserved 1114112K
  class space    used 9627K, capacity 10476K, committed 10536K, reserved 1048576K
Event: 31.900 GC heap after
Heap after GC invocations=17 (full 3):
 PSYoungGen      total 284672K, used 14846K [0x00000000e0000000, 0x00000000f3280000, 0x0000000100000000)
  eden space 267776K, 0% used [0x00000000e0000000,0x00000000e0000000,0x00000000f0580000)
  from space 16896K, 87% used [0x00000000f2200000,0x00000000f307f8d8,0x00000000f3280000)
  to   space 23040K, 0% used [0x00000000f0580000,0x00000000f0580000,0x00000000f1c00000)
 ParOldGen       total 126464K, used 60757K [0x00000000a0000000, 0x00000000a7b80000, 0x00000000e0000000)
  object space 126464K, 48% used [0x00000000a0000000,0x00000000a3b55680,0x00000000a7b80000)
 Metaspace       used 70277K, capacity 74386K, committed 74536K, reserved 1114112K
  class space    used 9627K, capacity 10476K, committed 10536K, reserved 1048576K
}
Event: 38.343 GC heap before
{Heap before GC invocations=18 (full 3):
 PSYoungGen      total 284672K, used 282622K [0x00000000e0000000, 0x00000000f3280000, 0x0000000100000000)
  eden space 267776K, 100% used [0x00000000e0000000,0x00000000f0580000,0x00000000f0580000)
  from space 16896K, 87% used [0x00000000f2200000,0x00000000f307f8d8,0x00000000f3280000)
  to   space 23040K, 0% used [0x00000000f0580000,0x00000000f0580000,0x00000000f1c00000)
 ParOldGen       total 126464K, used 60757K [0x00000000a0000000, 0x00000000a7b80000, 0x00000000e0000000)
  object space 126464K, 48% used [0x00000000a0000000,0x00000000a3b55680,0x00000000a7b80000)
 Metaspace       used 77275K, capacity 81596K, committed 81704K, reserved 1120256K
  class space    used 10427K, capacity 11292K, committed 11304K, reserved 1048576K
Event: 38.392 GC heap after
Heap after GC invocations=18 (full 3):
 PSYoungGen      total 290816K, used 23022K [0x00000000e0000000, 0x00000000f7380000, 0x0000000100000000)
  eden space 267776K, 0% used [0x00000000e0000000,0x00000000e0000000,0x00000000f0580000)
  from space 23040K, 99% used [0x00000000f0580000,0x00000000f1bfbad8,0x00000000f1c00000)
  to   space 30208K, 0% used [0x00000000f5600000,0x00000000f5600000,0x00000000f7380000)
 ParOldGen       total 126464K, used 71298K [0x00000000a0000000, 0x00000000a7b80000, 0x00000000e0000000)
  object space 126464K, 56% used [0x00000000a0000000,0x00000000a45a0af0,0x00000000a7b80000)
 Metaspace       used 77275K, capacity 81596K, committed 81704K, reserved 1120256K
  class space    used 10427K, capacity 11292K, committed 11304K, reserved 1048576K
}
Event: 41.962 GC heap before
{Heap before GC invocations=19 (full 3):
 PSYoungGen      total 290816K, used 290798K [0x00000000e0000000, 0x00000000f7380000, 0x0000000100000000)
  eden space 267776K, 100% used [0x00000000e0000000,0x00000000f0580000,0x00000000f0580000)
  from space 23040K, 99% used [0x00000000f0580000,0x00000000f1bfbad8,0x00000000f1c00000)
  to   space 30208K, 0% used [0x00000000f5600000,0x00000000f5600000,0x00000000f7380000)
 ParOldGen       total 126464K, used 71298K [0x00000000a0000000, 0x00000000a7b80000, 0x00000000e0000000)
  object space 126464K, 56% used [0x00000000a0000000,0x00000000a45a0af0,0x00000000a7b80000)
 Metaspace       used 86048K, capacity 90376K, committed 90664K, reserved 1128448K
  class space    used 11419K, capacity 12314K, committed 12328K, reserved 1048576K
Event: 42.072 GC heap after
Heap after GC invocations=19 (full 3):
 PSYoungGen      total 313344K, used 30191K [0x00000000e0000000, 0x00000000fc680000, 0x0000000100000000)
  eden space 283136K, 0% used [0x00000000e0000000,0x00000000e0000000,0x00000000f1480000)
  from space 30208K, 99% used [0x00000000f5600000,0x00000000f737bca8,0x00000000f7380000)
  to   space 67072K, 0% used [0x00000000f1480000,0x00000000f1480000,0x00000000f5600000)
 ParOldGen       total 159232K, used 159099K [0x00000000a0000000, 0x00000000a9b80000, 0x00000000e0000000)
  object space 159232K, 99% used [0x00000000a0000000,0x00000000a9b5ecf0,0x00000000a9b80000)
 Metaspace       used 86048K, capacity 90376K, committed 90664K, reserved 1128448K
  class space    used 11419K, capacity 12314K, committed 12328K, reserved 1048576K
}
Event: 42.072 GC heap before
{Heap before GC invocations=20 (full 4):
 PSYoungGen      total 313344K, used 30191K [0x00000000e0000000, 0x00000000fc680000, 0x0000000100000000)
  eden space 283136K, 0% used [0x00000000e0000000,0x00000000e0000000,0x00000000f1480000)
  from space 30208K, 99% used [0x00000000f5600000,0x00000000f737bca8,0x00000000f7380000)
  to   space 67072K, 0% used [0x00000000f1480000,0x00000000f1480000,0x00000000f5600000)
 ParOldGen       total 159232K, used 159099K [0x00000000a0000000, 0x00000000a9b80000, 0x00000000e0000000)
  object space 159232K, 99% used [0x00000000a0000000,0x00000000a9b5ecf0,0x00000000a9b80000)
 Metaspace       used 86048K, capacity 90376K, committed 90664K, reserved 1128448K
  class space    used 11419K, capacity 12314K, committed 12328K, reserved 1048576K
Event: 43.072 GC heap after
Heap after GC invocations=20 (full 4):
 PSYoungGen      total 313344K, used 21239K [0x00000000e0000000, 0x00000000fc680000, 0x0000000100000000)
  eden space 283136K, 0% used [0x00000000e0000000,0x00000000e0000000,0x00000000f1480000)
  from space 30208K, 70% used [0x00000000f5600000,0x00000000f6abdca0,0x00000000f7380000)
  to   space 67072K, 0% used [0x00000000f1480000,0x00000000f1480000,0x00000000f5600000)
 ParOldGen       total 314880K, used 159110K [0x00000000a0000000, 0x00000000b3380000, 0x00000000e0000000)
  object space 314880K, 50% used [0x00000000a0000000,0x00000000a9b61b78,0x00000000b3380000)
 Metaspace       used 86003K, capacity 90242K, committed 90664K, reserved 1128448K
  class space    used 11404K, capacity 12289K, committed 12328K, reserved 1048576K
}

