# JRE version: OpenJDK Runtime Environment (8.0_242-b01) (build 1.8.0_242-release-1644-b01)
# Java VM: OpenJDK 64-Bit Server VM (25.242-b01 mixed mode windows-amd64 compressed oops)
Heap:
 PSYoungGen      total 454144K, used 118340K [0x00000000e0000000, 0x0000000100000000, 0x0000000100000000)
  eden space 396288K, 15% used [0x00000000e0000000,0x00000000e3b36c80,0x00000000f8300000)
  from space 57856K, 99% used [0x00000000f8300000,0x00000000fbb5a4e8,0x00000000fbb80000)
  to   space 70144K, 0% used [0x00000000fbb80000,0x00000000fbb80000,0x0000000100000000)
 ParOldGen       total 269312K, used 129094K [0x00000000a0000000, 0x00000000b0700000, 0x00000000e0000000)
  object space 269312K, 47% used [0x00000000a0000000,0x00000000a7e118e0,0x00000000b0700000)
 Metaspace       used 105861K, capacity 112212K, committed 112296K, reserved 1146880K
  class space    used 14017K, capacity 15262K, committed 15272K, reserved 1048576K
GC Heap History (10 events):
Event: 35.518 GC heap before
{Heap before GC invocations=15 (full 3):
 PSYoungGen      total 327680K, used 327661K [0x00000000e0000000, 0x00000000fa500000, 0x0000000100000000)
  eden space 304640K, 100% used [0x00000000e0000000,0x00000000f2980000,0x00000000f2980000)
  from space 23040K, 99% used [0x00000000f2980000,0x00000000f3ffb500,0x00000000f4000000)
  to   space 28672K, 0% used [0x00000000f8900000,0x00000000f8900000,0x00000000fa500000)
 ParOldGen       total 128000K, used 45420K [0x00000000a0000000, 0x00000000a7d00000, 0x00000000e0000000)
  object space 128000K, 35% used [0x00000000a0000000,0x00000000a2c5b330,0x00000000a7d00000)
 Metaspace       used 78062K, capacity 82414K, committed 82728K, reserved 1120256K
  class space    used 10577K, capacity 11515K, committed 11560K, reserved 1048576K
Event: 35.705 GC heap after
Heap after GC invocations=15 (full 3):
 PSYoungGen      total 372736K, used 28666K [0x00000000e0000000, 0x00000000fdf00000, 0x0000000100000000)
  eden space 344064K, 0% used [0x00000000e0000000,0x00000000e0000000,0x00000000f5000000)
  from space 28672K, 99% used [0x00000000f8900000,0x00000000fa4fe850,0x00000000fa500000)
  to   space 58368K, 0% used [0x00000000f5000000,0x00000000f5000000,0x00000000f8900000)
 ParOldGen       total 128000K, used 113921K [0x00000000a0000000, 0x00000000a7d00000, 0x00000000e0000000)
  object space 128000K, 89% used [0x00000000a0000000,0x00000000a6f40558,0x00000000a7d00000)
 Metaspace       used 78062K, capacity 82414K, committed 82728K, reserved 1120256K
  class space    used 10577K, capacity 11515K, committed 11560K, reserved 1048576K
}
Event: 35.705 GC heap before
{Heap before GC invocations=16 (full 4):
 PSYoungGen      total 372736K, used 28666K [0x00000000e0000000, 0x00000000fdf00000, 0x0000000100000000)
  eden space 344064K, 0% used [0x00000000e0000000,0x00000000e0000000,0x00000000f5000000)
  from space 28672K, 99% used [0x00000000f8900000,0x00000000fa4fe850,0x00000000fa500000)
  to   space 58368K, 0% used [0x00000000f5000000,0x00000000f5000000,0x00000000f8900000)
 ParOldGen       total 128000K, used 113921K [0x00000000a0000000, 0x00000000a7d00000, 0x00000000e0000000)
  object space 128000K, 89% used [0x00000000a0000000,0x00000000a6f40558,0x00000000a7d00000)
 Metaspace       used 78062K, capacity 82414K, committed 82728K, reserved 1120256K
  class space    used 10577K, capacity 11515K, committed 11560K, reserved 1048576K
Event: 36.460 GC heap after
Heap after GC invocations=16 (full 4):
 PSYoungGen      total 372736K, used 1523K [0x00000000e0000000, 0x00000000fdf00000, 0x0000000100000000)
  eden space 344064K, 0% used [0x00000000e0000000,0x00000000e0000000,0x00000000f5000000)
  from space 28672K, 5% used [0x00000000f8900000,0x00000000f8a7cd38,0x00000000fa500000)
  to   space 58368K, 0% used [0x00000000f5000000,0x00000000f5000000,0x00000000f8900000)
 ParOldGen       total 269312K, used 127587K [0x00000000a0000000, 0x00000000b0700000, 0x00000000e0000000)
  object space 269312K, 47% used [0x00000000a0000000,0x00000000a7c98dd0,0x00000000b0700000)
 Metaspace       used 78014K, capacity 82272K, committed 82728K, reserved 1120256K
  class space    used 10562K, capacity 11488K, committed 11560K, reserved 1048576K
}
Event: 43.270 GC heap before
{Heap before GC invocations=17 (full 4):
 PSYoungGen      total 372736K, used 345587K [0x00000000e0000000, 0x00000000fdf00000, 0x0000000100000000)
  eden space 344064K, 100% used [0x00000000e0000000,0x00000000f5000000,0x00000000f5000000)
  from space 28672K, 5% used [0x00000000f8900000,0x00000000f8a7cd38,0x00000000fa500000)
  to   space 58368K, 0% used [0x00000000f5000000,0x00000000f5000000,0x00000000f8900000)
 ParOldGen       total 269312K, used 127587K [0x00000000a0000000, 0x00000000b0700000, 0x00000000e0000000)
  object space 269312K, 47% used [0x00000000a0000000,0x00000000a7c98dd0,0x00000000b0700000)
 Metaspace       used 90173K, capacity 95296K, committed 95528K, reserved 1132544K
  class space    used 12215K, capacity 13270K, committed 13352K, reserved 1048576K
Event: 43.338 GC heap after
Heap after GC invocations=17 (full 4):
 PSYoungGen      total 402432K, used 27943K [0x00000000e0000000, 0x0000000100000000, 0x0000000100000000)
  eden space 344064K, 0% used [0x00000000e0000000,0x00000000e0000000,0x00000000f5000000)
  from space 58368K, 47% used [0x00000000f5000000,0x00000000f6b49e20,0x00000000f8900000)
  to   space 57344K, 0% used [0x00000000fc800000,0x00000000fc800000,0x0000000100000000)
 ParOldGen       total 269312K, used 129078K [0x00000000a0000000, 0x00000000b0700000, 0x00000000e0000000)
  object space 269312K, 47% used [0x00000000a0000000,0x00000000a7e0d8e0,0x00000000b0700000)
 Metaspace       used 90173K, capacity 95296K, committed 95528K, reserved 1132544K
  class space    used 12215K, capacity 13270K, committed 13352K, reserved 1048576K
}
Event: 471.217 GC heap before
{Heap before GC invocations=18 (full 4):
 PSYoungGen      total 402432K, used 372007K [0x00000000e0000000, 0x0000000100000000, 0x0000000100000000)
  eden space 344064K, 100% used [0x00000000e0000000,0x00000000f5000000,0x00000000f5000000)
  from space 58368K, 47% used [0x00000000f5000000,0x00000000f6b49e20,0x00000000f8900000)
  to   space 57344K, 0% used [0x00000000fc800000,0x00000000fc800000,0x0000000100000000)
 ParOldGen       total 269312K, used 129078K [0x00000000a0000000, 0x00000000b0700000, 0x00000000e0000000)
  object space 269312K, 47% used [0x00000000a0000000,0x00000000a7e0d8e0,0x00000000b0700000)
 Metaspace       used 101937K, capacity 107700K, committed 107944K, reserved 1142784K
  class space    used 13578K, capacity 14738K, committed 14760K, reserved 1048576K
Event: 471.288 GC heap after
Heap after GC invocations=18 (full 4):
 PSYoungGen      total 453632K, used 49065K [0x00000000e0000000, 0x0000000100000000, 0x0000000100000000)
  eden space 396288K, 0% used [0x00000000e0000000,0x00000000e0000000,0x00000000f8300000)
  from space 57344K, 85% used [0x00000000fc800000,0x00000000ff7ea600,0x0000000100000000)
  to   space 64000K, 0% used [0x00000000f8300000,0x00000000f8300000,0x00000000fc180000)
 ParOldGen       total 269312K, used 129086K [0x00000000a0000000, 0x00000000b0700000, 0x00000000e0000000)
  object space 269312K, 47% used [0x00000000a0000000,0x00000000a7e0f8e0,0x00000000b0700000)
 Metaspace       used 101937K, capacity 107700K, committed 107944K, reserved 1142784K
  class space    used 13578K, capacity 14738K, committed 14760K, reserved 1048576K
}
Event: 1878.170 GC heap before
{Heap before GC invocations=19 (full 4):
 PSYoungGen      total 453632K, used 444773K [0x00000000e0000000, 0x0000000100000000, 0x0000000100000000)
  eden space 396288K, 99% used [0x00000000e0000000,0x00000000f826ef50,0x00000000f8300000)
  from space 57344K, 85% used [0x00000000fc800000,0x00000000ff7ea600,0x0000000100000000)
  to   space 64000K, 0% used [0x00000000f8300000,0x00000000f8300000,0x00000000fc180000)
 ParOldGen       total 269312K, used 129086K [0x00000000a0000000, 0x00000000b0700000, 0x00000000e0000000)
  object space 269312K, 47% used [0x00000000a0000000,0x00000000a7e0f8e0,0x00000000b0700000)
 Metaspace       used 105418K, capacity 111716K, committed 111784K, reserved 1146880K
  class space    used 13971K, capacity 15206K, committed 15272K, reserved 1048576K
Event: 1878.229 GC heap after
Heap after GC invocations=19 (full 4):
 PSYoungGen      total 454144K, used 57705K [0x00000000e0000000, 0x0000000100000000, 0x0000000100000000)
  eden space 396288K, 0% used [0x00000000e0000000,0x00000000e0000000,0x00000000f8300000)
  from space 57856K, 99% used [0x00000000f8300000,0x00000000fbb5a4e8,0x00000000fbb80000)
  to   space 70144K, 0% used [0x00000000fbb80000,0x00000000fbb80000,0x0000000100000000)
 ParOldGen       total 269312K, used 129094K [0x00000000a0000000, 0x00000000b0700000, 0x00000000e0000000)
  object space 269312K, 47% used [0x00000000a0000000,0x00000000a7e118e0,0x00000000b0700000)
 Metaspace       used 105418K, capacity 111716K, committed 111784K, reserved 1146880K
  class space    used 13971K, capacity 15206K, committed 15272K, reserved 1048576K
}

