# JRE version: OpenJDK Runtime Environment (8.0_242-b01) (build 1.8.0_242-release-1644-b01)
# Java VM: OpenJDK 64-Bit Server VM (25.242-b01 mixed mode windows-amd64 compressed oops)
Heap:
 PSYoungGen      total 175616K, used 36529K [0x00000000e0000000, 0x00000000eb780000, 0x0000000100000000)
  eden space 163328K, 14% used [0x00000000e0000000,0x00000000e17af348,0x00000000e9f80000)
  from space 12288K, 99% used [0x00000000e9f80000,0x00000000eab7d300,0x00000000eab80000)
  to   space 10752K, 0% used [0x00000000ead00000,0x00000000ead00000,0x00000000eb780000)
 ParOldGen       total 53248K, used 30351K [0x00000000a0000000, 0x00000000a3400000, 0x00000000e0000000)
  object space 53248K, 57% used [0x00000000a0000000,0x00000000a1da3ff0,0x00000000a3400000)
 Metaspace       used 53442K, capacity 55812K, committed 55848K, reserved 1097728K
  class space    used 7177K, capacity 7688K, committed 7720K, reserved 1048576K
GC Heap History (10 events):
Event: 9.121 GC heap before
{Heap before GC invocations=9 (full 1):
 PSYoungGen      total 76800K, used 66048K [0x00000000e0000000, 0x00000000e9600000, 0x0000000100000000)
  eden space 66048K, 100% used [0x00000000e0000000,0x00000000e4080000,0x00000000e4080000)
  from space 10752K, 0% used [0x00000000e4080000,0x00000000e4080000,0x00000000e4b00000)
  to   space 10752K, 0% used [0x00000000e8b80000,0x00000000e8b80000,0x00000000e9600000)
 ParOldGen       total 53248K, used 7934K [0x00000000a0000000, 0x00000000a3400000, 0x00000000e0000000)
  object space 53248K, 14% used [0x00000000a0000000,0x00000000a07bf848,0x00000000a3400000)
 Metaspace       used 25132K, capacity 26120K, committed 26288K, reserved 1071104K
  class space    used 3643K, capacity 3904K, committed 4016K, reserved 1048576K
Event: 9.129 GC heap after
Heap after GC invocations=9 (full 1):
 PSYoungGen      total 121344K, used 6149K [0x00000000e0000000, 0x00000000e9200000, 0x0000000100000000)
  eden space 114688K, 0% used [0x00000000e0000000,0x00000000e0000000,0x00000000e7000000)
  from space 6656K, 92% used [0x00000000e8b80000,0x00000000e9181638,0x00000000e9200000)
  to   space 10240K, 0% used [0x00000000e7e00000,0x00000000e7e00000,0x00000000e8800000)
 ParOldGen       total 53248K, used 7942K [0x00000000a0000000, 0x00000000a3400000, 0x00000000e0000000)
  object space 53248K, 14% used [0x00000000a0000000,0x00000000a07c1848,0x00000000a3400000)
 Metaspace       used 25132K, capacity 26120K, committed 26288K, reserved 1071104K
  class space    used 3643K, capacity 3904K, committed 4016K, reserved 1048576K
}
Event: 10.579 GC heap before
{Heap before GC invocations=10 (full 1):
 PSYoungGen      total 121344K, used 96965K [0x00000000e0000000, 0x00000000e9200000, 0x0000000100000000)
  eden space 114688K, 79% used [0x00000000e0000000,0x00000000e58b0038,0x00000000e7000000)
  from space 6656K, 92% used [0x00000000e8b80000,0x00000000e9181638,0x00000000e9200000)
  to   space 10240K, 0% used [0x00000000e7e00000,0x00000000e7e00000,0x00000000e8800000)
 ParOldGen       total 53248K, used 7942K [0x00000000a0000000, 0x00000000a3400000, 0x00000000e0000000)
  object space 53248K, 14% used [0x00000000a0000000,0x00000000a07c1848,0x00000000a3400000)
 Metaspace       used 34113K, capacity 35380K, committed 35496K, reserved 1079296K
  class space    used 4650K, capacity 4941K, committed 5032K, reserved 1048576K
Event: 10.608 GC heap after
Heap after GC invocations=10 (full 1):
 PSYoungGen      total 139264K, used 10210K [0x00000000e0000000, 0x00000000eb900000, 0x0000000100000000)
  eden space 129024K, 0% used [0x00000000e0000000,0x00000000e0000000,0x00000000e7e00000)
  from space 10240K, 99% used [0x00000000e7e00000,0x00000000e87f8878,0x00000000e8800000)
  to   space 12288K, 0% used [0x00000000ead00000,0x00000000ead00000,0x00000000eb900000)
 ParOldGen       total 53248K, used 9503K [0x00000000a0000000, 0x00000000a3400000, 0x00000000e0000000)
  object space 53248K, 17% used [0x00000000a0000000,0x00000000a0947d78,0x00000000a3400000)
 Metaspace       used 34113K, capacity 35380K, committed 35496K, reserved 1079296K
  class space    used 4650K, capacity 4941K, committed 5032K, reserved 1048576K
}
Event: 10.608 GC heap before
{Heap before GC invocations=11 (full 2):
 PSYoungGen      total 139264K, used 10210K [0x00000000e0000000, 0x00000000eb900000, 0x0000000100000000)
  eden space 129024K, 0% used [0x00000000e0000000,0x00000000e0000000,0x00000000e7e00000)
  from space 10240K, 99% used [0x00000000e7e00000,0x00000000e87f8878,0x00000000e8800000)
  to   space 12288K, 0% used [0x00000000ead00000,0x00000000ead00000,0x00000000eb900000)
 ParOldGen       total 53248K, used 9503K [0x00000000a0000000, 0x00000000a3400000, 0x00000000e0000000)
  object space 53248K, 17% used [0x00000000a0000000,0x00000000a0947d78,0x00000000a3400000)
 Metaspace       used 34113K, capacity 35380K, committed 35496K, reserved 1079296K
  class space    used 4650K, capacity 4941K, committed 5032K, reserved 1048576K
Event: 10.718 GC heap after
Heap after GC invocations=11 (full 2):
 PSYoungGen      total 139264K, used 0K [0x00000000e0000000, 0x00000000eb900000, 0x0000000100000000)
  eden space 129024K, 0% used [0x00000000e0000000,0x00000000e0000000,0x00000000e7e00000)
  from space 10240K, 0% used [0x00000000e7e00000,0x00000000e7e00000,0x00000000e8800000)
  to   space 12288K, 0% used [0x00000000ead00000,0x00000000ead00000,0x00000000eb900000)
 ParOldGen       total 53248K, used 18572K [0x00000000a0000000, 0x00000000a3400000, 0x00000000e0000000)
  object space 53248K, 34% used [0x00000000a0000000,0x00000000a1223308,0x00000000a3400000)
 Metaspace       used 34113K, capacity 35380K, committed 35496K, reserved 1079296K
  class space    used 4650K, capacity 4941K, committed 5032K, reserved 1048576K
}
Event: 12.114 GC heap before
{Heap before GC invocations=12 (full 2):
 PSYoungGen      total 139264K, used 129024K [0x00000000e0000000, 0x00000000eb900000, 0x0000000100000000)
  eden space 129024K, 100% used [0x00000000e0000000,0x00000000e7e00000,0x00000000e7e00000)
  from space 10240K, 0% used [0x00000000e7e00000,0x00000000e7e00000,0x00000000e8800000)
  to   space 12288K, 0% used [0x00000000ead00000,0x00000000ead00000,0x00000000eb900000)
 ParOldGen       total 53248K, used 18572K [0x00000000a0000000, 0x00000000a3400000, 0x00000000e0000000)
  object space 53248K, 34% used [0x00000000a0000000,0x00000000a1223308,0x00000000a3400000)
 Metaspace       used 38243K, capacity 40104K, committed 40232K, reserved 1083392K
  class space    used 5252K, capacity 5653K, committed 5672K, reserved 1048576K
Event: 12.127 GC heap after
Heap after GC invocations=12 (full 2):
 PSYoungGen      total 174080K, used 8784K [0x00000000e0000000, 0x00000000eb780000, 0x0000000100000000)
  eden space 163328K, 0% used [0x00000000e0000000,0x00000000e0000000,0x00000000e9f80000)
  from space 10752K, 81% used [0x00000000ead00000,0x00000000eb5941c0,0x00000000eb780000)
  to   space 12288K, 0% used [0x00000000e9f80000,0x00000000e9f80000,0x00000000eab80000)
 ParOldGen       total 53248K, used 18580K [0x00000000a0000000, 0x00000000a3400000, 0x00000000e0000000)
  object space 53248K, 34% used [0x00000000a0000000,0x00000000a1225308,0x00000000a3400000)
 Metaspace       used 38243K, capacity 40104K, committed 40232K, reserved 1083392K
  class space    used 5252K, capacity 5653K, committed 5672K, reserved 1048576K
}
Event: 13.831 GC heap before
{Heap before GC invocations=13 (full 2):
 PSYoungGen      total 174080K, used 172112K [0x00000000e0000000, 0x00000000eb780000, 0x0000000100000000)
  eden space 163328K, 100% used [0x00000000e0000000,0x00000000e9f80000,0x00000000e9f80000)
  from space 10752K, 81% used [0x00000000ead00000,0x00000000eb5941c0,0x00000000eb780000)
  to   space 12288K, 0% used [0x00000000e9f80000,0x00000000e9f80000,0x00000000eab80000)
 ParOldGen       total 53248K, used 18580K [0x00000000a0000000, 0x00000000a3400000, 0x00000000e0000000)
  object space 53248K, 34% used [0x00000000a0000000,0x00000000a1225308,0x00000000a3400000)
 Metaspace       used 51746K, capacity 54126K, committed 54440K, reserved 1095680K
  class space    used 6951K, capacity 7488K, committed 7592K, reserved 1048576K
Event: 13.878 GC heap after
Heap after GC invocations=13 (full 2):
 PSYoungGen      total 175616K, used 12276K [0x00000000e0000000, 0x00000000eb780000, 0x0000000100000000)
  eden space 163328K, 0% used [0x00000000e0000000,0x00000000e0000000,0x00000000e9f80000)
  from space 12288K, 99% used [0x00000000e9f80000,0x00000000eab7d300,0x00000000eab80000)
  to   space 10752K, 0% used [0x00000000ead00000,0x00000000ead00000,0x00000000eb780000)
 ParOldGen       total 53248K, used 30351K [0x00000000a0000000, 0x00000000a3400000, 0x00000000e0000000)
  object space 53248K, 57% used [0x00000000a0000000,0x00000000a1da3ff0,0x00000000a3400000)
 Metaspace       used 51746K, capacity 54126K, committed 54440K, reserved 1095680K
  class space    used 6951K, capacity 7488K, committed 7592K, reserved 1048576K
}

