# JRE version: OpenJDK Runtime Environment (8.0_242-b01) (build 1.8.0_242-release-1644-b01)
# Java VM: OpenJDK 64-Bit Server VM (25.242-b01 mixed mode windows-amd64 compressed oops)
Heap:
 PSYoungGen      total 320000K, used 66199K [0x00000000e0000000, 0x00000000f6080000, 0x0000000100000000)
  eden space 296448K, 22% used [0x00000000e0000000,0x00000000e40a5ff8,0x00000000f2180000)
  from space 23552K, 0% used [0x00000000f4980000,0x00000000f4980000,0x00000000f6080000)
  to   space 32256K, 0% used [0x00000000f2180000,0x00000000f2180000,0x00000000f4100000)
 ParOldGen       total 179200K, used 93133K [0x00000000a0000000, 0x00000000aaf00000, 0x00000000e0000000)
  object space 179200K, 51% used [0x00000000a0000000,0x00000000a5af34a0,0x00000000aaf00000)
 Metaspace       used 103754K, capacity 109806K, committed 109992K, reserved 1144832K
  class space    used 13761K, capacity 14917K, committed 15016K, reserved 1048576K
GC Heap History (10 events):
Event: 34.349 GC heap before
{Heap before GC invocations=18 (full 3):
 PSYoungGen      total 275968K, used 269488K [0x00000000e0000000, 0x00000000f2580000, 0x0000000100000000)
  eden space 258560K, 100% used [0x00000000e0000000,0x00000000efc80000,0x00000000efc80000)
  from space 17408K, 62% used [0x00000000f1480000,0x00000000f1f2c030,0x00000000f2580000)
  to   space 20992K, 0% used [0x00000000efc80000,0x00000000efc80000,0x00000000f1100000)
 ParOldGen       total 132096K, used 69007K [0x00000000a0000000, 0x00000000a8100000, 0x00000000e0000000)
  object space 132096K, 52% used [0x00000000a0000000,0x00000000a4363ea0,0x00000000a8100000)
 Metaspace       used 74033K, capacity 78448K, committed 78760K, reserved 1116160K
  class space    used 10206K, capacity 11093K, committed 11176K, reserved 1048576K
Event: 34.403 GC heap after
Heap after GC invocations=18 (full 3):
 PSYoungGen      total 279552K, used 20991K [0x00000000e0000000, 0x00000000f6900000, 0x0000000100000000)
  eden space 258560K, 0% used [0x00000000e0000000,0x00000000e0000000,0x00000000efc80000)
  from space 20992K, 99% used [0x00000000efc80000,0x00000000f10ffe20,0x00000000f1100000)
  to   space 32256K, 0% used [0x00000000f4980000,0x00000000f4980000,0x00000000f6900000)
 ParOldGen       total 132096K, used 91109K [0x00000000a0000000, 0x00000000a8100000, 0x00000000e0000000)
  object space 132096K, 68% used [0x00000000a0000000,0x00000000a58f94d0,0x00000000a8100000)
 Metaspace       used 74033K, capacity 78448K, committed 78760K, reserved 1116160K
  class space    used 10206K, capacity 11093K, committed 11176K, reserved 1048576K
}
Event: 630.677 GC heap before
{Heap before GC invocations=19 (full 3):
 PSYoungGen      total 279552K, used 279551K [0x00000000e0000000, 0x00000000f6900000, 0x0000000100000000)
  eden space 258560K, 100% used [0x00000000e0000000,0x00000000efc80000,0x00000000efc80000)
  from space 20992K, 99% used [0x00000000efc80000,0x00000000f10ffe20,0x00000000f1100000)
  to   space 32256K, 0% used [0x00000000f4980000,0x00000000f4980000,0x00000000f6900000)
 ParOldGen       total 132096K, used 91109K [0x00000000a0000000, 0x00000000a8100000, 0x00000000e0000000)
  object space 132096K, 68% used [0x00000000a0000000,0x00000000a58f94d0,0x00000000a8100000)
 Metaspace       used 78637K, capacity 83582K, committed 83752K, reserved 1122304K
  class space    used 10569K, capacity 11548K, committed 11560K, reserved 1048576K
Event: 630.722 GC heap after
Heap after GC invocations=19 (full 3):
 PSYoungGen      total 320000K, used 18885K [0x00000000e0000000, 0x00000000f6080000, 0x0000000100000000)
  eden space 296448K, 0% used [0x00000000e0000000,0x00000000e0000000,0x00000000f2180000)
  from space 23552K, 80% used [0x00000000f4980000,0x00000000f5bf1700,0x00000000f6080000)
  to   space 32256K, 0% used [0x00000000f2180000,0x00000000f2180000,0x00000000f4100000)
 ParOldGen       total 132096K, used 107321K [0x00000000a0000000, 0x00000000a8100000, 0x00000000e0000000)
  object space 132096K, 81% used [0x00000000a0000000,0x00000000a68ce6c0,0x00000000a8100000)
 Metaspace       used 78637K, capacity 83582K, committed 83752K, reserved 1122304K
  class space    used 10569K, capacity 11548K, committed 11560K, reserved 1048576K
}
Event: 635.299 GC heap before
{Heap before GC invocations=20 (full 3):
 PSYoungGen      total 320000K, used 315333K [0x00000000e0000000, 0x00000000f6080000, 0x0000000100000000)
  eden space 296448K, 100% used [0x00000000e0000000,0x00000000f2180000,0x00000000f2180000)
  from space 23552K, 80% used [0x00000000f4980000,0x00000000f5bf1700,0x00000000f6080000)
  to   space 32256K, 0% used [0x00000000f2180000,0x00000000f2180000,0x00000000f4100000)
 ParOldGen       total 132096K, used 107321K [0x00000000a0000000, 0x00000000a8100000, 0x00000000e0000000)
  object space 132096K, 81% used [0x00000000a0000000,0x00000000a68ce6c0,0x00000000a8100000)
 Metaspace       used 92628K, capacity 97662K, committed 98088K, reserved 1134592K
  class space    used 12219K, capacity 13225K, committed 13352K, reserved 1048576K
Event: 635.531 GC heap after
Heap after GC invocations=20 (full 3):
 PSYoungGen      total 320000K, used 315333K [0x00000000e0000000, 0x00000000f6080000, 0x0000000100000000)
  eden space 296448K, 100% used [0x00000000e0000000,0x00000000f2180000,0x00000000f2180000)
  from space 23552K, 80% used [0x00000000f4980000,0x00000000f5bf1700,0x00000000f6080000)
  to   space 32256K, 99% used [0x00000000f2180000,0x00000000f40fbb78,0x00000000f4100000)
 ParOldGen       total 179200K, used 179196K [0x00000000a0000000, 0x00000000aaf00000, 0x00000000e0000000)
  object space 179200K, 99% used [0x00000000a0000000,0x00000000aaeff220,0x00000000aaf00000)
 Metaspace       used 92628K, capacity 97662K, committed 98088K, reserved 1134592K
  class space    used 12219K, capacity 13225K, committed 13352K, reserved 1048576K
}
Event: 635.531 GC heap before
{Heap before GC invocations=21 (full 4):
 PSYoungGen      total 320000K, used 315333K [0x00000000e0000000, 0x00000000f6080000, 0x0000000100000000)
  eden space 296448K, 100% used [0x00000000e0000000,0x00000000f2180000,0x00000000f2180000)
  from space 23552K, 80% used [0x00000000f4980000,0x00000000f5bf1700,0x00000000f6080000)
  to   space 32256K, 99% used [0x00000000f2180000,0x00000000f40fbb78,0x00000000f4100000)
 ParOldGen       total 179200K, used 179196K [0x00000000a0000000, 0x00000000aaf00000, 0x00000000e0000000)
  object space 179200K, 99% used [0x00000000a0000000,0x00000000aaeff220,0x00000000aaf00000)
 Metaspace       used 92628K, capacity 97662K, committed 98088K, reserved 1134592K
  class space    used 12219K, capacity 13225K, committed 13352K, reserved 1048576K
Event: 636.154 GC heap after
Heap after GC invocations=21 (full 4):
 PSYoungGen      total 320000K, used 0K [0x00000000e0000000, 0x00000000f6080000, 0x0000000100000000)
  eden space 296448K, 0% used [0x00000000e0000000,0x00000000e0000000,0x00000000f2180000)
  from space 23552K, 0% used [0x00000000f4980000,0x00000000f4980000,0x00000000f6080000)
  to   space 32256K, 0% used [0x00000000f2180000,0x00000000f2180000,0x00000000f4100000)
 ParOldGen       total 179200K, used 167358K [0x00000000a0000000, 0x00000000aaf00000, 0x00000000e0000000)
  object space 179200K, 93% used [0x00000000a0000000,0x00000000aa36faa0,0x00000000aaf00000)
 Metaspace       used 92594K, capacity 97568K, committed 98088K, reserved 1134592K
  class space    used 12209K, capacity 13206K, committed 13352K, reserved 1048576K
}
Event: 640.268 GC heap before
{Heap before GC invocations=22 (full 5):
 PSYoungGen      total 320000K, used 296448K [0x00000000e0000000, 0x00000000f6080000, 0x0000000100000000)
  eden space 296448K, 100% used [0x00000000e0000000,0x00000000f2180000,0x00000000f2180000)
  from space 23552K, 0% used [0x00000000f4980000,0x00000000f4980000,0x00000000f6080000)
  to   space 32256K, 0% used [0x00000000f2180000,0x00000000f2180000,0x00000000f4100000)
 ParOldGen       total 179200K, used 167358K [0x00000000a0000000, 0x00000000aaf00000, 0x00000000e0000000)
  object space 179200K, 93% used [0x00000000a0000000,0x00000000aa36faa0,0x00000000aaf00000)
 Metaspace       used 102866K, capacity 108946K, committed 109096K, reserved 1142784K
  class space    used 13683K, capacity 14885K, committed 14888K, reserved 1048576K
Event: 640.587 GC heap after
Heap after GC invocations=22 (full 5):
 PSYoungGen      total 320000K, used 0K [0x00000000e0000000, 0x00000000f6080000, 0x0000000100000000)
  eden space 296448K, 0% used [0x00000000e0000000,0x00000000e0000000,0x00000000f2180000)
  from space 23552K, 0% used [0x00000000f4980000,0x00000000f4980000,0x00000000f6080000)
  to   space 32256K, 0% used [0x00000000f2180000,0x00000000f2180000,0x00000000f4100000)
 ParOldGen       total 179200K, used 93133K [0x00000000a0000000, 0x00000000aaf00000, 0x00000000e0000000)
  object space 179200K, 51% used [0x00000000a0000000,0x00000000a5af34a0,0x00000000aaf00000)
 Metaspace       used 102730K, capacity 108626K, committed 109096K, reserved 1142784K
  class space    used 13635K, capacity 14799K, committed 14888K, reserved 1048576K
}

