# JRE version: OpenJDK Runtime Environment (8.0_242-b01) (build 1.8.0_242-release-1644-b01)
# Java VM: OpenJDK 64-Bit Server VM (25.242-b01 mixed mode windows-amd64 compressed oops)
Heap:
 PSYoungGen      total 172544K, used 18989K [0x00000000e0000000, 0x00000000eb800000, 0x0000000100000000)
  eden space 160256K, 11% used [0x00000000e0000000,0x00000000e128b6c8,0x00000000e9c80000)
  from space 12288K, 0% used [0x00000000ea880000,0x00000000ea880000,0x00000000eb480000)
  to   space 12288K, 0% used [0x00000000e9c80000,0x00000000e9c80000,0x00000000ea880000)
 ParOldGen       total 84992K, used 24837K [0x00000000a0000000, 0x00000000a5300000, 0x00000000e0000000)
  object space 84992K, 29% used [0x00000000a0000000,0x00000000a1841748,0x00000000a5300000)
 Metaspace       used 45611K, capacity 47745K, committed 47912K, reserved 1097728K
  class space    used 6233K, capacity 6692K, committed 6696K, reserved 1048576K
GC Heap History (10 events):
Event: 20.895 GC heap before
{Heap before GC invocations=12 (full 2):
 PSYoungGen      total 138752K, used 128512K [0x00000000e0000000, 0x00000000eb480000, 0x0000000100000000)
  eden space 128512K, 100% used [0x00000000e0000000,0x00000000e7d80000,0x00000000e7d80000)
  from space 10240K, 0% used [0x00000000e7d80000,0x00000000e7d80000,0x00000000e8780000)
  to   space 12288K, 0% used [0x00000000ea880000,0x00000000ea880000,0x00000000eb480000)
 ParOldGen       total 84992K, used 18622K [0x00000000a0000000, 0x00000000a5300000, 0x00000000e0000000)
  object space 84992K, 21% used [0x00000000a0000000,0x00000000a122fbf8,0x00000000a5300000)
 Metaspace       used 38192K, capacity 39992K, committed 40232K, reserved 1083392K
  class space    used 5248K, capacity 5645K, committed 5672K, reserved 1048576K
Event: 20.909 GC heap after
Heap after GC invocations=12 (full 2):
 PSYoungGen      total 172544K, used 8632K [0x00000000e0000000, 0x00000000eb800000, 0x0000000100000000)
  eden space 160256K, 0% used [0x00000000e0000000,0x00000000e0000000,0x00000000e9c80000)
  from space 12288K, 70% used [0x00000000ea880000,0x00000000eb0ee0f8,0x00000000eb480000)
  to   space 12288K, 0% used [0x00000000e9c80000,0x00000000e9c80000,0x00000000ea880000)
 ParOldGen       total 84992K, used 18630K [0x00000000a0000000, 0x00000000a5300000, 0x00000000e0000000)
  object space 84992K, 21% used [0x00000000a0000000,0x00000000a1231bf8,0x00000000a5300000)
 Metaspace       used 38192K, capacity 39992K, committed 40232K, reserved 1083392K
  class space    used 5248K, capacity 5645K, committed 5672K, reserved 1048576K
}
Event: 22.046 GC heap before
{Heap before GC invocations=13 (full 2):
 PSYoungGen      total 172544K, used 59782K [0x00000000e0000000, 0x00000000eb800000, 0x0000000100000000)
  eden space 160256K, 31% used [0x00000000e0000000,0x00000000e31f3740,0x00000000e9c80000)
  from space 12288K, 70% used [0x00000000ea880000,0x00000000eb0ee0f8,0x00000000eb480000)
  to   space 12288K, 0% used [0x00000000e9c80000,0x00000000e9c80000,0x00000000ea880000)
 ParOldGen       total 84992K, used 18630K [0x00000000a0000000, 0x00000000a5300000, 0x00000000e0000000)
  object space 84992K, 21% used [0x00000000a0000000,0x00000000a1231bf8,0x00000000a5300000)
 Metaspace       used 44579K, capacity 46554K, committed 46760K, reserved 1093632K
  class space    used 6045K, capacity 6493K, committed 6568K, reserved 1048576K
Event: 22.060 GC heap after
Heap after GC invocations=13 (full 2):
 PSYoungGen      total 172544K, used 11880K [0x00000000e0000000, 0x00000000eb800000, 0x0000000100000000)
  eden space 160256K, 0% used [0x00000000e0000000,0x00000000e0000000,0x00000000e9c80000)
  from space 12288K, 96% used [0x00000000e9c80000,0x00000000ea81a388,0x00000000ea880000)
  to   space 12288K, 0% used [0x00000000ea880000,0x00000000ea880000,0x00000000eb480000)
 ParOldGen       total 84992K, used 18638K [0x00000000a0000000, 0x00000000a5300000, 0x00000000e0000000)
  object space 84992K, 21% used [0x00000000a0000000,0x00000000a1233bf8,0x00000000a5300000)
 Metaspace       used 44579K, capacity 46554K, committed 46760K, reserved 1093632K
  class space    used 6045K, capacity 6493K, committed 6568K, reserved 1048576K
}
Event: 22.060 GC heap before
{Heap before GC invocations=14 (full 3):
 PSYoungGen      total 172544K, used 11880K [0x00000000e0000000, 0x00000000eb800000, 0x0000000100000000)
  eden space 160256K, 0% used [0x00000000e0000000,0x00000000e0000000,0x00000000e9c80000)
  from space 12288K, 96% used [0x00000000e9c80000,0x00000000ea81a388,0x00000000ea880000)
  to   space 12288K, 0% used [0x00000000ea880000,0x00000000ea880000,0x00000000eb480000)
 ParOldGen       total 84992K, used 18638K [0x00000000a0000000, 0x00000000a5300000, 0x00000000e0000000)
  object space 84992K, 21% used [0x00000000a0000000,0x00000000a1233bf8,0x00000000a5300000)
 Metaspace       used 44579K, capacity 46554K, committed 46760K, reserved 1093632K
  class space    used 6045K, capacity 6493K, committed 6568K, reserved 1048576K
Event: 22.222 GC heap after
Heap after GC invocations=14 (full 3):
 PSYoungGen      total 172544K, used 0K [0x00000000e0000000, 0x00000000eb800000, 0x0000000100000000)
  eden space 160256K, 0% used [0x00000000e0000000,0x00000000e0000000,0x00000000e9c80000)
  from space 12288K, 0% used [0x00000000e9c80000,0x00000000e9c80000,0x00000000ea880000)
  to   space 12288K, 0% used [0x00000000ea880000,0x00000000ea880000,0x00000000eb480000)
 ParOldGen       total 84992K, used 25021K [0x00000000a0000000, 0x00000000a5300000, 0x00000000e0000000)
  object space 84992K, 29% used [0x00000000a0000000,0x00000000a186f6e8,0x00000000a5300000)
 Metaspace       used 44572K, capacity 46530K, committed 46760K, reserved 1091584K
  class space    used 6043K, capacity 6489K, committed 6568K, reserved 1048576K
}
Event: 22.223 GC heap before
{Heap before GC invocations=15 (full 3):
 PSYoungGen      total 172544K, used 353K [0x00000000e0000000, 0x00000000eb800000, 0x0000000100000000)
  eden space 160256K, 0% used [0x00000000e0000000,0x00000000e00586c0,0x00000000e9c80000)
  from space 12288K, 0% used [0x00000000e9c80000,0x00000000e9c80000,0x00000000ea880000)
  to   space 12288K, 0% used [0x00000000ea880000,0x00000000ea880000,0x00000000eb480000)
 ParOldGen       total 84992K, used 25021K [0x00000000a0000000, 0x00000000a5300000, 0x00000000e0000000)
  object space 84992K, 29% used [0x00000000a0000000,0x00000000a186f6e8,0x00000000a5300000)
 Metaspace       used 44572K, capacity 46530K, committed 46760K, reserved 1095680K
  class space    used 6043K, capacity 6489K, committed 6568K, reserved 1048576K
Event: 22.224 GC heap after
Heap after GC invocations=15 (full 3):
 PSYoungGen      total 172544K, used 64K [0x00000000e0000000, 0x00000000eb800000, 0x0000000100000000)
  eden space 160256K, 0% used [0x00000000e0000000,0x00000000e0000000,0x00000000e9c80000)
  from space 12288K, 0% used [0x00000000ea880000,0x00000000ea890000,0x00000000eb480000)
  to   space 12288K, 0% used [0x00000000e9c80000,0x00000000e9c80000,0x00000000ea880000)
 ParOldGen       total 84992K, used 25021K [0x00000000a0000000, 0x00000000a5300000, 0x00000000e0000000)
  object space 84992K, 29% used [0x00000000a0000000,0x00000000a186f6e8,0x00000000a5300000)
 Metaspace       used 44572K, capacity 46530K, committed 46760K, reserved 1095680K
  class space    used 6043K, capacity 6489K, committed 6568K, reserved 1048576K
}
Event: 22.224 GC heap before
{Heap before GC invocations=16 (full 4):
 PSYoungGen      total 172544K, used 64K [0x00000000e0000000, 0x00000000eb800000, 0x0000000100000000)
  eden space 160256K, 0% used [0x00000000e0000000,0x00000000e0000000,0x00000000e9c80000)
  from space 12288K, 0% used [0x00000000ea880000,0x00000000ea890000,0x00000000eb480000)
  to   space 12288K, 0% used [0x00000000e9c80000,0x00000000e9c80000,0x00000000ea880000)
 ParOldGen       total 84992K, used 25021K [0x00000000a0000000, 0x00000000a5300000, 0x00000000e0000000)
  object space 84992K, 29% used [0x00000000a0000000,0x00000000a186f6e8,0x00000000a5300000)
 Metaspace       used 44572K, capacity 46530K, committed 46760K, reserved 1095680K
  class space    used 6043K, capacity 6489K, committed 6568K, reserved 1048576K
Event: 22.274 GC heap after
Heap after GC invocations=16 (full 4):
 PSYoungGen      total 172544K, used 0K [0x00000000e0000000, 0x00000000eb800000, 0x0000000100000000)
  eden space 160256K, 0% used [0x00000000e0000000,0x00000000e0000000,0x00000000e9c80000)
  from space 12288K, 0% used [0x00000000ea880000,0x00000000ea880000,0x00000000eb480000)
  to   space 12288K, 0% used [0x00000000e9c80000,0x00000000e9c80000,0x00000000ea880000)
 ParOldGen       total 84992K, used 24837K [0x00000000a0000000, 0x00000000a5300000, 0x00000000e0000000)
  object space 84992K, 29% used [0x00000000a0000000,0x00000000a1841748,0x00000000a5300000)
 Metaspace       used 44572K, capacity 46530K, committed 46760K, reserved 1091584K
  class space    used 6043K, capacity 6489K, committed 6568K, reserved 1048576K
}

