# JRE version: OpenJDK Runtime Environment (8.0_242-b01) (build 1.8.0_242-release-1644-b01)
# Java VM: OpenJDK 64-Bit Server VM (25.242-b01 mixed mode windows-amd64 compressed oops)
Heap:
 PSYoungGen      total 287232K, used 27623K [0x00000000e0000000, 0x00000000f7980000, 0x0000000100000000)
  eden space 259584K, 0% used [0x00000000e0000000,0x00000000e0000000,0x00000000efd80000)
  from space 27648K, 99% used [0x00000000f3000000,0x00000000f4af9f78,0x00000000f4b00000)
  to   space 51712K, 0% used [0x00000000efd80000,0x00000000efd80000,0x00000000f3000000)
 ParOldGen       total 273408K, used 152379K [0x00000000a0000000, 0x00000000b0b00000, 0x00000000e0000000)
  object space 273408K, 55% used [0x00000000a0000000,0x00000000a94cee38,0x00000000b0b00000)
 Metaspace       used 96484K, capacity 101277K, committed 101400K, reserved 1142784K
  class space    used 12766K, capacity 13741K, committed 13864K, reserved 1048576K
GC Heap History (10 events):
Event: 36.830 GC heap after
Heap after GC invocations=17 (full 3):
 PSYoungGen      total 266752K, used 24051K [0x00000000e0000000, 0x00000000f2600000, 0x0000000100000000)
  eden space 242688K, 0% used [0x00000000e0000000,0x00000000e0000000,0x00000000eed00000)
  from space 24064K, 99% used [0x00000000f0a00000,0x00000000f217cdd0,0x00000000f2180000)
  to   space 29184K, 0% used [0x00000000eed00000,0x00000000eed00000,0x00000000f0980000)
 ParOldGen       total 125440K, used 44054K [0x00000000a0000000, 0x00000000a7a80000, 0x00000000e0000000)
  object space 125440K, 35% used [0x00000000a0000000,0x00000000a2b059a0,0x00000000a7a80000)
 Metaspace       used 70566K, capacity 74776K, committed 75032K, reserved 1114112K
  class space    used 9657K, capacity 10529K, committed 10536K, reserved 1048576K
}
Event: 46.495 GC heap before
{Heap before GC invocations=18 (full 3):
 PSYoungGen      total 266752K, used 266739K [0x00000000e0000000, 0x00000000f2600000, 0x0000000100000000)
  eden space 242688K, 100% used [0x00000000e0000000,0x00000000eed00000,0x00000000eed00000)
  from space 24064K, 99% used [0x00000000f0a00000,0x00000000f217cdd0,0x00000000f2180000)
  to   space 29184K, 0% used [0x00000000eed00000,0x00000000eed00000,0x00000000f0980000)
 ParOldGen       total 125440K, used 44054K [0x00000000a0000000, 0x00000000a7a80000, 0x00000000e0000000)
  object space 125440K, 35% used [0x00000000a0000000,0x00000000a2b059a0,0x00000000a7a80000)
 Metaspace       used 75126K, capacity 79336K, committed 79512K, reserved 1118208K
  class space    used 10189K, capacity 11053K, committed 11176K, reserved 1048576K
Event: 46.552 GC heap after
Heap after GC invocations=18 (full 3):
 PSYoungGen      total 271872K, used 10259K [0x00000000e0000000, 0x00000000f4b00000, 0x0000000100000000)
  eden space 242688K, 0% used [0x00000000e0000000,0x00000000e0000000,0x00000000eed00000)
  from space 29184K, 35% used [0x00000000eed00000,0x00000000ef704f00,0x00000000f0980000)
  to   space 27648K, 0% used [0x00000000f3000000,0x00000000f3000000,0x00000000f4b00000)
 ParOldGen       total 125440K, used 67785K [0x00000000a0000000, 0x00000000a7a80000, 0x00000000e0000000)
  object space 125440K, 54% used [0x00000000a0000000,0x00000000a42324d0,0x00000000a7a80000)
 Metaspace       used 75126K, capacity 79336K, committed 79512K, reserved 1118208K
  class space    used 10189K, capacity 11053K, committed 11176K, reserved 1048576K
}
Event: 57.333 GC heap before
{Heap before GC invocations=19 (full 3):
 PSYoungGen      total 271872K, used 252947K [0x00000000e0000000, 0x00000000f4b00000, 0x0000000100000000)
  eden space 242688K, 100% used [0x00000000e0000000,0x00000000eed00000,0x00000000eed00000)
  from space 29184K, 35% used [0x00000000eed00000,0x00000000ef704f00,0x00000000f0980000)
  to   space 27648K, 0% used [0x00000000f3000000,0x00000000f3000000,0x00000000f4b00000)
 ParOldGen       total 125440K, used 67785K [0x00000000a0000000, 0x00000000a7a80000, 0x00000000e0000000)
  object space 125440K, 54% used [0x00000000a0000000,0x00000000a42324d0,0x00000000a7a80000)
 Metaspace       used 87350K, capacity 91732K, committed 92184K, reserved 1128448K
  class space    used 11572K, capacity 12480K, committed 12584K, reserved 1048576K
Event: 57.434 GC heap after
Heap after GC invocations=19 (full 3):
 PSYoungGen      total 287232K, used 27636K [0x00000000e0000000, 0x00000000f7980000, 0x0000000100000000)
  eden space 259584K, 0% used [0x00000000e0000000,0x00000000e0000000,0x00000000efd80000)
  from space 27648K, 99% used [0x00000000f3000000,0x00000000f4afd0b8,0x00000000f4b00000)
  to   space 51712K, 0% used [0x00000000efd80000,0x00000000efd80000,0x00000000f3000000)
 ParOldGen       total 125440K, used 120852K [0x00000000a0000000, 0x00000000a7a80000, 0x00000000e0000000)
  object space 125440K, 96% used [0x00000000a0000000,0x00000000a76052f8,0x00000000a7a80000)
 Metaspace       used 87350K, capacity 91732K, committed 92184K, reserved 1128448K
  class space    used 11572K, capacity 12480K, committed 12584K, reserved 1048576K
}
Event: 57.434 GC heap before
{Heap before GC invocations=20 (full 4):
 PSYoungGen      total 287232K, used 27636K [0x00000000e0000000, 0x00000000f7980000, 0x0000000100000000)
  eden space 259584K, 0% used [0x00000000e0000000,0x00000000e0000000,0x00000000efd80000)
  from space 27648K, 99% used [0x00000000f3000000,0x00000000f4afd0b8,0x00000000f4b00000)
  to   space 51712K, 0% used [0x00000000efd80000,0x00000000efd80000,0x00000000f3000000)
 ParOldGen       total 125440K, used 120852K [0x00000000a0000000, 0x00000000a7a80000, 0x00000000e0000000)
  object space 125440K, 96% used [0x00000000a0000000,0x00000000a76052f8,0x00000000a7a80000)
 Metaspace       used 87350K, capacity 91732K, committed 92184K, reserved 1128448K
  class space    used 11572K, capacity 12480K, committed 12584K, reserved 1048576K
Event: 58.360 GC heap after
Heap after GC invocations=20 (full 4):
 PSYoungGen      total 287232K, used 12177K [0x00000000e0000000, 0x00000000f7980000, 0x0000000100000000)
  eden space 259584K, 0% used [0x00000000e0000000,0x00000000e0000000,0x00000000efd80000)
  from space 27648K, 44% used [0x00000000f3000000,0x00000000f3be4648,0x00000000f4b00000)
  to   space 51712K, 0% used [0x00000000efd80000,0x00000000efd80000,0x00000000f3000000)
 ParOldGen       total 273408K, used 125275K [0x00000000a0000000, 0x00000000b0b00000, 0x00000000e0000000)
  object space 273408K, 45% used [0x00000000a0000000,0x00000000a7a56db8,0x00000000b0b00000)
 Metaspace       used 87297K, capacity 91570K, committed 92184K, reserved 1128448K
  class space    used 11556K, capacity 12451K, committed 12584K, reserved 1048576K
}
Event: 62.593 GC heap before
{Heap before GC invocations=21 (full 4):
 PSYoungGen      total 287232K, used 271761K [0x00000000e0000000, 0x00000000f7980000, 0x0000000100000000)
  eden space 259584K, 100% used [0x00000000e0000000,0x00000000efd80000,0x00000000efd80000)
  from space 27648K, 44% used [0x00000000f3000000,0x00000000f3be4648,0x00000000f4b00000)
  to   space 51712K, 0% used [0x00000000efd80000,0x00000000efd80000,0x00000000f3000000)
 ParOldGen       total 273408K, used 125275K [0x00000000a0000000, 0x00000000b0b00000, 0x00000000e0000000)
  object space 273408K, 45% used [0x00000000a0000000,0x00000000a7a56db8,0x00000000b0b00000)
 Metaspace       used 90807K, capacity 95050K, committed 95512K, reserved 1132544K
  class space    used 11914K, capacity 12791K, committed 12840K, reserved 1048576K
Event: 62.662 GC heap after
Heap after GC invocations=21 (full 4):
 PSYoungGen      total 311296K, used 28029K [0x00000000e0000000, 0x00000000f7980000, 0x0000000100000000)
  eden space 259584K, 0% used [0x00000000e0000000,0x00000000e0000000,0x00000000efd80000)
  from space 51712K, 54% used [0x00000000efd80000,0x00000000f18df488,0x00000000f3000000)
  to   space 27648K, 0% used [0x00000000f3000000,0x00000000f3000000,0x00000000f4b00000)
 ParOldGen       total 273408K, used 135027K [0x00000000a0000000, 0x00000000b0b00000, 0x00000000e0000000)
  object space 273408K, 49% used [0x00000000a0000000,0x00000000a83dcfc0,0x00000000b0b00000)
 Metaspace       used 90807K, capacity 95050K, committed 95512K, reserved 1132544K
  class space    used 11914K, capacity 12791K, committed 12840K, reserved 1048576K
}
Event: 64.889 GC heap before
{Heap before GC invocations=22 (full 4):
 PSYoungGen      total 311296K, used 165079K [0x00000000e0000000, 0x00000000f7980000, 0x0000000100000000)
  eden space 259584K, 52% used [0x00000000e0000000,0x00000000e85d6a98,0x00000000efd80000)
  from space 51712K, 54% used [0x00000000efd80000,0x00000000f18df488,0x00000000f3000000)
  to   space 27648K, 0% used [0x00000000f3000000,0x00000000f3000000,0x00000000f4b00000)
 ParOldGen       total 273408K, used 135027K [0x00000000a0000000, 0x00000000b0b00000, 0x00000000e0000000)
  object space 273408K, 49% used [0x00000000a0000000,0x00000000a83dcfc0,0x00000000b0b00000)
 Metaspace       used 96484K, capacity 101277K, committed 101400K, reserved 1142784K
  class space    used 12766K, capacity 13741K, committed 13864K, reserved 1048576K

